
  You can now view your Streamlit app in your browser.

  Local URL: http://localhost:8501
  Network URL: http://198.18.0.2:8501

2026-03-26 07:58:49.806 Uncaught app exception
Traceback (most recent call last):
  File "/opt/anaconda3/lib/python3.12/site-packages/streamlit/runtime/scriptrunner/exec_code.py", line 85, in exec_func_with_error_handling
    result = func()
             ^^^^^^
  File "/opt/anaconda3/lib/python3.12/site-packages/streamlit/runtime/scriptrunner/script_runner.py", line 576, in code_to_exec
    exec(code, module.__dict__)
  File "/Users/mulele/Projects/60-ai_tag/app.py", line 467, in <module>
    pdf_bytes = render_label(cfg_tmpl, data, country_cfg, show_regions=show_regions)
                ^^^^^^^^^^^^^^^^^^^^^^^^^^^^^^^^^^^^^^^^^^^^^^^^^^^^^^^^^^^^^^^^^^^^
  File "/Users/mulele/Projects/60-ai_tag/render_pipeline.py", line 205, in render_label
    content_font_size, content_h_scale = render_content(
                                         ^^^^^^^^^^^^^^^
TypeError: render_content() got an unexpected keyword argument 'content_type'
2026-03-26 07:58:49.859 Uncaught app exception
Traceback (most recent call last):
  File "/opt/anaconda3/lib/python3.12/site-packages/streamlit/runtime/scriptrunner/exec_code.py", line 85, in exec_func_with_error_handling
    result = func()
             ^^^^^^
  File "/opt/anaconda3/lib/python3.12/site-packages/streamlit/runtime/scriptrunner/script_runner.py", line 576, in code_to_exec
    exec(code, module.__dict__)
  File "/Users/mulele/Projects/60-ai_tag/app.py", line 389, in <module>
    pdf_bytes = render_label(classic_tmpl, data, country_cfg, show_regions=show_regions)
                ^^^^^^^^^^^^^^^^^^^^^^^^^^^^^^^^^^^^^^^^^^^^^^^^^^^^^^^^^^^^^^^^^^^^^^^^
  File "/Users/mulele/Projects/60-ai_tag/render_pipeline.py", line 205, in render_label
    content_font_size, content_h_scale = render_content(
                                         ^^^^^^^^^^^^^^^
TypeError: render_content() got an unexpected keyword argument 'content_type'
2026-03-26 10:03:12.311 Uncaught app exception
Traceback (most recent call last):
  File "/opt/anaconda3/lib/python3.12/site-packages/streamlit/runtime/scriptrunner/exec_code.py", line 85, in exec_func_with_error_handling
    result = func()
             ^^^^^^
  File "/opt/anaconda3/lib/python3.12/site-packages/streamlit/runtime/scriptrunner/script_runner.py", line 576, in code_to_exec
    exec(code, module.__dict__)
  File "/Users/mulele/Projects/60-ai_tag/app.py", line 467, in <module>
    pdf_bytes = render_label(cfg_tmpl, data, country_cfg, show_regions=show_regions)
                ^^^^^^^^^^^^^^^^^^^^^^^^^^^^^^^^^^^^^^^^^^^^^^^^^^^^^^^^^^^^^^^^^^^^
  File "/Users/mulele/Projects/60-ai_tag/render_pipeline.py", line 205, in render_label
    content_font_size, content_h_scale = render_content(
                                         ^^^^^^^^^^^^^^^
TypeError: render_content() got an unexpected keyword argument 'content_type'
2026-03-26 10:03:25.493 Uncaught app exception
Traceback (most recent call last):
  File "/opt/anaconda3/lib/python3.12/site-packages/streamlit/runtime/scriptrunner/exec_code.py", line 85, in exec_func_with_error_handling
    result = func()
             ^^^^^^
  File "/opt/anaconda3/lib/python3.12/site-packages/streamlit/runtime/scriptrunner/script_runner.py", line 576, in code_to_exec
    exec(code, module.__dict__)
  File "/Users/mulele/Projects/60-ai_tag/app.py", line 389, in <module>
    pdf_bytes = render_label(classic_tmpl, data, country_cfg, show_regions=show_regions)
                ^^^^^^^^^^^^^^^^^^^^^^^^^^^^^^^^^^^^^^^^^^^^^^^^^^^^^^^^^^^^^^^^^^^^^^^^
  File "/Users/mulele/Projects/60-ai_tag/render_pipeline.py", line 205, in render_label
    content_font_size, content_h_scale = render_content(
                                         ^^^^^^^^^^^^^^^
TypeError: render_content() got an unexpected keyword argument 'content_type'
2026-03-26 22:23:34.280 Uncaught app exception
Traceback (most recent call last):
  File "/opt/anaconda3/lib/python3.12/site-packages/streamlit/runtime/scriptrunner/exec_code.py", line 85, in exec_func_with_error_handling
    result = func()
             ^^^^^^
  File "/opt/anaconda3/lib/python3.12/site-packages/streamlit/runtime/scriptrunner/script_runner.py", line 576, in code_to_exec
    exec(code, module.__dict__)
  File "/Users/mulele/Projects/60-ai_tag/app.py", line 431, in <module>
    pdf_bytes = render_label(cfg_tmpl, data, country_cfg, show_regions=show_regions)
                ^^^^^^^^^^^^^^^^^^^^^^^^^^^^^^^^^^^^^^^^^^^^^^^^^^^^^^^^^^^^^^^^^^^^
  File "/Users/mulele/Projects/60-ai_tag/render_pipeline.py", line 246, in render_label
    render_nutrition(
  File "/Users/mulele/Projects/60-ai_tag/region_renderers.py", line 213, in render_nutrition
    from nut_layouts import get_nut_layout
  File "/Users/mulele/Projects/60-ai_tag/nut_layouts.py", line 146, in <module>
    "EU_MULTI": NutritionLayout(
                ^^^^^^^^^^^^^^^^
TypeError: NutritionLayout.__init__() got an unexpected keyword argument 'line_height_ratio'
  Stopping...
